<?xml version="1.0" encoding="UTF-8"?>
<!-- Generated by org.testng.reporters.JUnitReportReporter -->
<testsuite hostname="Amr_Alaa" name="com.models.com.models.CheckInTest" tests="2" failures="0" timestamp="11 May 2016 04:12:17 GMT" time="1.357" errors="0">
  <testcase name="add" time="0.207" classname="com.models.com.models.CheckInTest"/>
  <testcase name="add" time="1.150" classname="com.models.com.models.CheckInTest"/>
</testsuite> <!-- com.models.com.models.CheckInTest -->
