<?xml version="1.0" encoding="UTF-8"?>
<!-- Generated by org.testng.reporters.JUnitReportReporter -->
<testsuite hostname="Amr_Alaa" name="com.models.com.models.LikeTest" tests="3" failures="0" timestamp="11 May 2016 04:21:11 GMT" time="0.785" errors="0">
  <testcase name="addLike" time="0.698" classname="com.models.com.models.LikeTest"/>
  <testcase name="addLike" time="0.045" classname="com.models.com.models.LikeTest"/>
  <testcase name="addLike" time="0.042" classname="com.models.com.models.LikeTest"/>
</testsuite> <!-- com.models.com.models.LikeTest -->
